[ 2018-10-16T09:38:40+08:00 ] 127.0.0.1 /index.php/Home/Index/holder.js/125x166
ERR: 非法操作:holder.js

[ 2018-10-16T09:55:55+08:00 ] 127.0.0.1 /index.php/Home/Index/bookShow/BID/holder.js/50x50
ERR: 1054:Unknown column 'holder.js' in 'where clause'
 [ SQL语句 ] : SELECT COUNT(*) AS tp_count FROM `support` WHERE ( BID=holder.js ) LIMIT 1  

[ 2018-10-16T09:55:59+08:00 ] 127.0.0.1 /index.php/Home/Index/bookShow/BID/holder.js/50x50
ERR: 1054:Unknown column 'holder.js' in 'where clause'
 [ SQL语句 ] : SELECT COUNT(*) AS tp_count FROM `support` WHERE ( BID=holder.js ) LIMIT 1  

[ 2018-10-16T10:03:30+08:00 ] 127.0.0.1 /index.php/Home/Index/bookShow/BID/holder.js/50x50
ERR: 1054:Unknown column 'holder.js' in 'where clause'
 [ SQL语句 ] : SELECT COUNT(*) AS tp_count FROM `support` WHERE ( BID=holder.js ) LIMIT 1  

[ 2018-10-16T10:04:14+08:00 ] 127.0.0.1 /index.php/Home/Index/bookShow/BID/holder.js/50x50
ERR: 1054:Unknown column 'holder.js' in 'where clause'
 [ SQL语句 ] : SELECT COUNT(*) AS tp_count FROM `support` WHERE ( BID=holder.js ) LIMIT 1  

[ 2018-10-16T10:04:25+08:00 ] 127.0.0.1 /index.php/Home/Index/support/bid/11
INFO: [ app_begin ] --START--
INFO: Run Behavior\ReadHtmlCacheBehavior [ RunTime:0.003000s ]
INFO: [ app_begin ] --END-- [ RunTime:0.004000s ]
INFO: [ app_end ] --START--
INFO: Run Behavior\ShowPageTraceBehavior [ RunTime:0.002000s ]
INFO: [ app_end ] --END-- [ RunTime:0.002000s ]

[ 2018-10-16T10:04:56+08:00 ] 127.0.0.1 /index.php/Home/Index/bookShow/BID/holder.js/50x50
ERR: 1054:Unknown column 'holder.js' in 'where clause'
 [ SQL语句 ] : SELECT COUNT(*) AS tp_count FROM `support` WHERE ( BID=holder.js ) LIMIT 1  

[ 2018-10-16T10:05:05+08:00 ] 127.0.0.1 /index.php/Home/Index/support/bid/5
INFO: [ app_begin ] --START--
INFO: Run Behavior\ReadHtmlCacheBehavior [ RunTime:0.003000s ]
INFO: [ app_begin ] --END-- [ RunTime:0.003000s ]
SQL: SHOW COLUMNS FROM `support` [ RunTime:0.0040s ]
SQL: SELECT * FROM `support` WHERE ( bid=5 and rid=1 ) LIMIT 1   [ RunTime:0.0000s ]
SQL: INSERT INTO `support` (`BID`,`RID`) VALUES ('5','1') [ RunTime:0.0050s ]
SQL: SELECT COUNT(*) AS tp_count FROM `support` WHERE ( BID=5 ) LIMIT 1   [ RunTime:0.0000s ]
INFO: [ app_end ] --START--
INFO: Run Behavior\ShowPageTraceBehavior [ RunTime:0.003001s ]
INFO: [ app_end ] --END-- [ RunTime:0.003001s ]

[ 2018-10-16T10:05:13+08:00 ] 127.0.0.1 /index.php/Home/Index/support/bid/5
INFO: [ app_begin ] --START--
INFO: Run Behavior\ReadHtmlCacheBehavior [ RunTime:0.003000s ]
INFO: [ app_begin ] --END-- [ RunTime:0.003000s ]
SQL: SHOW COLUMNS FROM `support` [ RunTime:0.0030s ]
SQL: SELECT * FROM `support` WHERE ( bid=5 and rid=1 ) LIMIT 1   [ RunTime:0.0000s ]
SQL: DELETE FROM `support` WHERE `SID` = 9 [ RunTime:0.0040s ]
SQL: SELECT COUNT(*) AS tp_count FROM `support` WHERE ( BID=5 ) LIMIT 1   [ RunTime:0.0000s ]
INFO: [ app_end ] --START--
INFO: Run Behavior\ShowPageTraceBehavior [ RunTime:0.003000s ]
INFO: [ app_end ] --END-- [ RunTime:0.003000s ]

[ 2018-10-16T10:06:22+08:00 ] 127.0.0.1 /index.php/Home/Index/holder.js/125x166
ERR: 非法操作:holder.js

[ 2018-10-16T14:55:22+08:00 ] 127.0.0.1 /index.php/Home/Index/bookShow/BID/holder.js/50x50
ERR: 1054:Unknown column 'holder.js' in 'where clause'
 [ SQL语句 ] : SELECT COUNT(*) AS tp_count FROM `support` WHERE ( BID=holder.js ) LIMIT 1  

[ 2018-10-16T14:55:24+08:00 ] 127.0.0.1 /index.php/Home/Index/support/bid/9
INFO: [ app_begin ] --START--
INFO: Run Behavior\ReadHtmlCacheBehavior [ RunTime:0.002000s ]
INFO: [ app_begin ] --END-- [ RunTime:0.003000s ]
INFO: [ app_end ] --START--
INFO: Run Behavior\ShowPageTraceBehavior [ RunTime:0.002000s ]
INFO: [ app_end ] --END-- [ RunTime:0.002000s ]

[ 2018-10-16T14:55:25+08:00 ] 127.0.0.1 /index.php/Home/Index/bookShow/BID/holder.js/50x50
ERR: 1054:Unknown column 'holder.js' in 'where clause'
 [ SQL语句 ] : SELECT COUNT(*) AS tp_count FROM `support` WHERE ( BID=holder.js ) LIMIT 1  

[ 2018-10-16T14:55:56+08:00 ] 127.0.0.1 /index.php/Home/Index/bookShow/BID/holder.js/50x50
ERR: 1054:Unknown column 'holder.js' in 'where clause'
 [ SQL语句 ] : SELECT COUNT(*) AS tp_count FROM `support` WHERE ( BID=holder.js ) LIMIT 1  

[ 2018-10-16T14:55:59+08:00 ] 127.0.0.1 /index.php/Home/Index/bookShow/BID/holder.js/50x50
ERR: 1054:Unknown column 'holder.js' in 'where clause'
 [ SQL语句 ] : SELECT COUNT(*) AS tp_count FROM `support` WHERE ( BID=holder.js ) LIMIT 1  

[ 2018-10-16T15:26:22+08:00 ] 127.0.0.1 /index.php/Home/Index/bookShow/BID/holder.js/50x50
ERR: 1054:Unknown column 'holder.js' in 'where clause'
 [ SQL语句 ] : SELECT COUNT(*) AS tp_count FROM `support` WHERE ( BID=holder.js ) LIMIT 1  

[ 2018-10-16T15:26:23+08:00 ] 127.0.0.1 /index.php/Home/Index/support/bid/9
INFO: [ app_begin ] --START--
INFO: Run Behavior\ReadHtmlCacheBehavior [ RunTime:0.003000s ]
INFO: [ app_begin ] --END-- [ RunTime:0.004000s ]
SQL: SHOW COLUMNS FROM `support` [ RunTime:0.0050s ]
SQL: SELECT * FROM `support` WHERE ( bid=9 and rid=1 ) LIMIT 1   [ RunTime:0.0000s ]
SQL: INSERT INTO `support` (`BID`,`RID`) VALUES ('9','1') [ RunTime:0.0040s ]
SQL: SELECT COUNT(*) AS tp_count FROM `support` WHERE ( BID=9 ) LIMIT 1   [ RunTime:0.0010s ]
INFO: [ app_end ] --START--
INFO: Run Behavior\ShowPageTraceBehavior [ RunTime:0.003000s ]
INFO: [ app_end ] --END-- [ RunTime:0.003000s ]

[ 2018-10-16T15:26:26+08:00 ] 127.0.0.1 /index.php/Home/Index/support/bid/9
INFO: [ app_begin ] --START--
INFO: Run Behavior\ReadHtmlCacheBehavior [ RunTime:0.003000s ]
INFO: [ app_begin ] --END-- [ RunTime:0.004000s ]
SQL: SHOW COLUMNS FROM `support` [ RunTime:0.0040s ]
SQL: SELECT * FROM `support` WHERE ( bid=9 and rid=1 ) LIMIT 1   [ RunTime:0.0000s ]
SQL: DELETE FROM `support` WHERE `SID` = 9 [ RunTime:0.0040s ]
SQL: SELECT COUNT(*) AS tp_count FROM `support` WHERE ( BID=9 ) LIMIT 1   [ RunTime:0.0000s ]
INFO: [ app_end ] --START--
INFO: Run Behavior\ShowPageTraceBehavior [ RunTime:0.003000s ]
INFO: [ app_end ] --END-- [ RunTime:0.003000s ]

[ 2018-10-16T15:27:38+08:00 ] 127.0.0.1 /index.php/Home/Index/bookShow/BID/holder.js/50x50
ERR: 1054:Unknown column 'holder.js' in 'where clause'
 [ SQL语句 ] : SELECT COUNT(*) AS tp_count FROM `support` WHERE ( BID=holder.js ) LIMIT 1  

[ 2018-10-16T15:27:40+08:00 ] 127.0.0.1 /index.php/Home/Index/support/bid/9
INFO: [ app_begin ] --START--
INFO: Run Behavior\ReadHtmlCacheBehavior [ RunTime:0.003000s ]
INFO: [ app_begin ] --END-- [ RunTime:0.004000s ]
SQL: SHOW COLUMNS FROM `support` [ RunTime:0.0040s ]
SQL: SELECT * FROM `support` WHERE ( bid=9 and rid=1 ) LIMIT 1   [ RunTime:0.0000s ]
SQL: INSERT INTO `support` (`BID`,`RID`) VALUES ('9','1') [ RunTime:0.0050s ]
SQL: SELECT COUNT(*) AS tp_count FROM `support` WHERE ( BID=9 ) LIMIT 1   [ RunTime:0.0000s ]
INFO: [ app_end ] --START--
INFO: Run Behavior\ShowPageTraceBehavior [ RunTime:0.003000s ]
INFO: [ app_end ] --END-- [ RunTime:0.003000s ]

[ 2018-10-16T15:27:44+08:00 ] 127.0.0.1 /index.php/Home/Index/support/bid/9
INFO: [ app_begin ] --START--
INFO: Run Behavior\ReadHtmlCacheBehavior [ RunTime:0.003000s ]
INFO: [ app_begin ] --END-- [ RunTime:0.004000s ]
SQL: SHOW COLUMNS FROM `support` [ RunTime:0.0040s ]
SQL: SELECT * FROM `support` WHERE ( bid=9 and rid=1 ) LIMIT 1   [ RunTime:0.0010s ]
SQL: DELETE FROM `support` WHERE `SID` = 10 [ RunTime:0.0040s ]
SQL: SELECT COUNT(*) AS tp_count FROM `support` WHERE ( BID=9 ) LIMIT 1   [ RunTime:0.0000s ]
INFO: [ app_end ] --START--
INFO: Run Behavior\ShowPageTraceBehavior [ RunTime:0.003000s ]
INFO: [ app_end ] --END-- [ RunTime:0.003000s ]

[ 2018-10-16T15:27:55+08:00 ] 127.0.0.1 /index.php/Home/Index/holder.js/125x166
ERR: 非法操作:holder.js

[ 2018-10-16T15:28:01+08:00 ] 127.0.0.1 /index.php/Home/Index/bookShow/BID/holder.js/50x50
ERR: 1054:Unknown column 'holder.js' in 'where clause'
 [ SQL语句 ] : SELECT COUNT(*) AS tp_count FROM `support` WHERE ( BID=holder.js ) LIMIT 1  

[ 2018-10-16T15:28:02+08:00 ] 127.0.0.1 /index.php/Home/Index/support/bid/19
INFO: [ app_begin ] --START--
INFO: Run Behavior\ReadHtmlCacheBehavior [ RunTime:0.003001s ]
INFO: [ app_begin ] --END-- [ RunTime:0.004001s ]
SQL: SHOW COLUMNS FROM `support` [ RunTime:0.0050s ]
SQL: SELECT * FROM `support` WHERE ( bid=19 and rid=1 ) LIMIT 1   [ RunTime:0.0000s ]
SQL: INSERT INTO `support` (`BID`,`RID`) VALUES ('19','1') [ RunTime:0.0050s ]
SQL: SELECT COUNT(*) AS tp_count FROM `support` WHERE ( BID=19 ) LIMIT 1   [ RunTime:0.0000s ]
INFO: [ app_end ] --START--
INFO: Run Behavior\ShowPageTraceBehavior [ RunTime:0.003000s ]
INFO: [ app_end ] --END-- [ RunTime:0.003000s ]

[ 2018-10-16T15:28:07+08:00 ] 127.0.0.1 /index.php/Home/Index/bookShow/BID/holder.js/50x50
ERR: 1054:Unknown column 'holder.js' in 'where clause'
 [ SQL语句 ] : SELECT COUNT(*) AS tp_count FROM `support` WHERE ( BID=holder.js ) LIMIT 1  

[ 2018-10-16T15:28:12+08:00 ] 127.0.0.1 /index.php/Home/Index/support/bid/19
INFO: [ app_begin ] --START--
INFO: Run Behavior\ReadHtmlCacheBehavior [ RunTime:0.004000s ]
INFO: [ app_begin ] --END-- [ RunTime:0.004000s ]
SQL: SHOW COLUMNS FROM `support` [ RunTime:0.0050s ]
SQL: SELECT * FROM `support` WHERE ( bid=19 and rid=1 ) LIMIT 1   [ RunTime:0.0000s ]
SQL: DELETE FROM `support` WHERE `SID` = 11 [ RunTime:0.0000s ]
SQL: SELECT COUNT(*) AS tp_count FROM `support` WHERE ( BID=19 ) LIMIT 1   [ RunTime:0.0000s ]
INFO: [ app_end ] --START--
INFO: Run Behavior\ShowPageTraceBehavior [ RunTime:0.004001s ]
INFO: [ app_end ] --END-- [ RunTime:0.004001s ]

[ 2018-10-16T15:28:21+08:00 ] 127.0.0.1 /index.php/Home/Index/support/bid/19
INFO: [ app_begin ] --START--
INFO: Run Behavior\ReadHtmlCacheBehavior [ RunTime:0.003001s ]
INFO: [ app_begin ] --END-- [ RunTime:0.004001s ]
SQL: SHOW COLUMNS FROM `support` [ RunTime:0.0080s ]
SQL: SELECT * FROM `support` WHERE ( bid=19 and rid=1 ) LIMIT 1   [ RunTime:0.0010s ]
SQL: INSERT INTO `support` (`BID`,`RID`) VALUES ('19','1') [ RunTime:0.0000s ]
SQL: SELECT COUNT(*) AS tp_count FROM `support` WHERE ( BID=19 ) LIMIT 1   [ RunTime:0.0010s ]
INFO: [ app_end ] --START--
INFO: Run Behavior\ShowPageTraceBehavior [ RunTime:0.003000s ]
INFO: [ app_end ] --END-- [ RunTime:0.003000s ]

[ 2018-10-16T15:28:53+08:00 ] 127.0.0.1 /index.php/Home/Index/holder.js/125x166
ERR: 非法操作:holder.js

[ 2018-10-16T15:32:32+08:00 ] 127.0.0.1 /index.php/Home/Index/bookShow/BID/holder.js/50x50
ERR: 1054:Unknown column 'holder.js' in 'where clause'
 [ SQL语句 ] : SELECT COUNT(*) AS tp_count FROM `support` WHERE ( BID=holder.js ) LIMIT 1  

[ 2018-10-16T15:32:34+08:00 ] 127.0.0.1 /index.php/Home/Index/support/bid/9
INFO: [ app_begin ] --START--
INFO: Run Behavior\ReadHtmlCacheBehavior [ RunTime:0.003000s ]
INFO: [ app_begin ] --END-- [ RunTime:0.003000s ]
SQL: SHOW COLUMNS FROM `support` [ RunTime:0.0040s ]
SQL: SELECT * FROM `support` WHERE ( bid=9 and rid=1 ) LIMIT 1   [ RunTime:0.0000s ]
SQL: INSERT INTO `support` (`BID`,`RID`) VALUES ('9','1') [ RunTime:0.0040s ]
SQL: SELECT COUNT(*) AS tp_count FROM `support` WHERE ( BID=9 ) LIMIT 1   [ RunTime:0.0000s ]
INFO: [ app_end ] --START--
INFO: Run Behavior\ShowPageTraceBehavior [ RunTime:0.003000s ]
INFO: [ app_end ] --END-- [ RunTime:0.004000s ]

[ 2018-10-16T15:32:39+08:00 ] 127.0.0.1 /index.php/Home/Index/support/bid/9
INFO: [ app_begin ] --START--
INFO: Run Behavior\ReadHtmlCacheBehavior [ RunTime:0.003000s ]
INFO: [ app_begin ] --END-- [ RunTime:0.004000s ]
SQL: SHOW COLUMNS FROM `support` [ RunTime:0.0050s ]
SQL: SELECT * FROM `support` WHERE ( bid=9 and rid=1 ) LIMIT 1   [ RunTime:0.0000s ]
SQL: DELETE FROM `support` WHERE `SID` = 13 [ RunTime:0.0040s ]
SQL: SELECT COUNT(*) AS tp_count FROM `support` WHERE ( BID=9 ) LIMIT 1   [ RunTime:0.0010s ]
INFO: [ app_end ] --START--
INFO: Run Behavior\ShowPageTraceBehavior [ RunTime:0.003000s ]
INFO: [ app_end ] --END-- [ RunTime:0.003000s ]

[ 2018-10-16T15:32:48+08:00 ] 127.0.0.1 /index.php/Home/Index/support/bid/9
INFO: [ app_begin ] --START--
INFO: Run Behavior\ReadHtmlCacheBehavior [ RunTime:0.003000s ]
INFO: [ app_begin ] --END-- [ RunTime:0.004000s ]
SQL: SHOW COLUMNS FROM `support` [ RunTime:0.0050s ]
SQL: SELECT * FROM `support` WHERE ( bid=9 and rid=1 ) LIMIT 1   [ RunTime:0.0000s ]
SQL: INSERT INTO `support` (`BID`,`RID`) VALUES ('9','1') [ RunTime:0.0050s ]
SQL: SELECT COUNT(*) AS tp_count FROM `support` WHERE ( BID=9 ) LIMIT 1   [ RunTime:0.0000s ]
INFO: [ app_end ] --START--
INFO: Run Behavior\ShowPageTraceBehavior [ RunTime:0.003000s ]
INFO: [ app_end ] --END-- [ RunTime:0.003000s ]

[ 2018-10-16T15:32:52+08:00 ] 127.0.0.1 /index.php/Home/Index/support/bid/9
INFO: [ app_begin ] --START--
INFO: Run Behavior\ReadHtmlCacheBehavior [ RunTime:0.003000s ]
INFO: [ app_begin ] --END-- [ RunTime:0.003000s ]
SQL: SHOW COLUMNS FROM `support` [ RunTime:0.0040s ]
SQL: SELECT * FROM `support` WHERE ( bid=9 and rid=1 ) LIMIT 1   [ RunTime:0.0000s ]
SQL: DELETE FROM `support` WHERE `SID` = 14 [ RunTime:0.0040s ]
SQL: SELECT COUNT(*) AS tp_count FROM `support` WHERE ( BID=9 ) LIMIT 1   [ RunTime:0.0000s ]
INFO: [ app_end ] --START--
INFO: Run Behavior\ShowPageTraceBehavior [ RunTime:0.003000s ]
INFO: [ app_end ] --END-- [ RunTime:0.003000s ]

[ 2018-10-16T15:32:56+08:00 ] 127.0.0.1 /index.php/Home/Index/support/bid/9
INFO: [ app_begin ] --START--
INFO: Run Behavior\ReadHtmlCacheBehavior [ RunTime:0.002000s ]
INFO: [ app_begin ] --END-- [ RunTime:0.003000s ]
SQL: SHOW COLUMNS FROM `support` [ RunTime:0.0050s ]
SQL: SELECT * FROM `support` WHERE ( bid=9 and rid=1 ) LIMIT 1   [ RunTime:0.0000s ]
SQL: INSERT INTO `support` (`BID`,`RID`) VALUES ('9','1') [ RunTime:0.0050s ]
SQL: SELECT COUNT(*) AS tp_count FROM `support` WHERE ( BID=9 ) LIMIT 1   [ RunTime:0.0000s ]
INFO: [ app_end ] --START--
INFO: Run Behavior\ShowPageTraceBehavior [ RunTime:0.003001s ]
INFO: [ app_end ] --END-- [ RunTime:0.003001s ]

[ 2018-10-16T15:33:05+08:00 ] 127.0.0.1 /index.php/Home/Index/support/bid/9
INFO: [ app_begin ] --START--
INFO: Run Behavior\ReadHtmlCacheBehavior [ RunTime:0.003000s ]
INFO: [ app_begin ] --END-- [ RunTime:0.004000s ]
SQL: SHOW COLUMNS FROM `support` [ RunTime:0.0050s ]
SQL: SELECT * FROM `support` WHERE ( bid=9 and rid=1 ) LIMIT 1   [ RunTime:0.0000s ]
SQL: DELETE FROM `support` WHERE `SID` = 15 [ RunTime:0.0040s ]
SQL: SELECT COUNT(*) AS tp_count FROM `support` WHERE ( BID=9 ) LIMIT 1   [ RunTime:0.0000s ]
INFO: [ app_end ] --START--
INFO: Run Behavior\ShowPageTraceBehavior [ RunTime:0.003000s ]
INFO: [ app_end ] --END-- [ RunTime:0.003000s ]

[ 2018-10-16T15:33:09+08:00 ] 127.0.0.1 /index.php/Home/Index/support/bid/9
INFO: [ app_begin ] --START--
INFO: Run Behavior\ReadHtmlCacheBehavior [ RunTime:0.003000s ]
INFO: [ app_begin ] --END-- [ RunTime:0.004000s ]
SQL: SHOW COLUMNS FROM `support` [ RunTime:0.0040s ]
SQL: SELECT * FROM `support` WHERE ( bid=9 and rid=1 ) LIMIT 1   [ RunTime:0.0000s ]
SQL: INSERT INTO `support` (`BID`,`RID`) VALUES ('9','1') [ RunTime:0.0010s ]
SQL: SELECT COUNT(*) AS tp_count FROM `support` WHERE ( BID=9 ) LIMIT 1   [ RunTime:0.0000s ]
INFO: [ app_end ] --START--
INFO: Run Behavior\ShowPageTraceBehavior [ RunTime:0.003000s ]
INFO: [ app_end ] --END-- [ RunTime:0.003000s ]

[ 2018-10-16T15:33:10+08:00 ] 127.0.0.1 /index.php/Home/Index/support/bid/9
INFO: [ app_begin ] --START--
INFO: Run Behavior\ReadHtmlCacheBehavior [ RunTime:0.003000s ]
INFO: [ app_begin ] --END-- [ RunTime:0.004000s ]
SQL: SHOW COLUMNS FROM `support` [ RunTime:0.0040s ]
SQL: SELECT * FROM `support` WHERE ( bid=9 and rid=1 ) LIMIT 1   [ RunTime:0.0010s ]
SQL: DELETE FROM `support` WHERE `SID` = 16 [ RunTime:0.0040s ]
SQL: SELECT COUNT(*) AS tp_count FROM `support` WHERE ( BID=9 ) LIMIT 1   [ RunTime:0.0000s ]
INFO: [ app_end ] --START--
INFO: Run Behavior\ShowPageTraceBehavior [ RunTime:0.003000s ]
INFO: [ app_end ] --END-- [ RunTime:0.003000s ]

[ 2018-10-16T15:33:41+08:00 ] 127.0.0.1 /index.php/Home/Index/bookShow/BID/holder.js/50x50
ERR: 1054:Unknown column 'holder.js' in 'where clause'
 [ SQL语句 ] : SELECT COUNT(*) AS tp_count FROM `support` WHERE ( BID=holder.js ) LIMIT 1  

[ 2018-10-16T15:33:42+08:00 ] 127.0.0.1 /index.php/Home/Index/bcollect/bid/9
INFO: [ app_begin ] --START--
INFO: Run Behavior\ReadHtmlCacheBehavior [ RunTime:0.002000s ]
INFO: [ app_begin ] --END-- [ RunTime:0.004000s ]
SQL: SHOW COLUMNS FROM `bcollect` [ RunTime:0.0040s ]
SQL: SELECT * FROM `bcollect` WHERE ( bid=9 and rid=1 ) LIMIT 1   [ RunTime:0.0000s ]
INFO: [ app_end ] --START--
INFO: Run Behavior\ShowPageTraceBehavior [ RunTime:0.003001s ]
INFO: [ app_end ] --END-- [ RunTime:0.003001s ]

[ 2018-10-16T15:33:54+08:00 ] 127.0.0.1 /index.php/Home/Index/holder.js/125x166
ERR: 非法操作:holder.js

[ 2018-10-16T15:33:58+08:00 ] 127.0.0.1 /index.php/Home/Index/bookShow/BID/holder.js/50x50
ERR: 1054:Unknown column 'holder.js' in 'where clause'
 [ SQL语句 ] : SELECT COUNT(*) AS tp_count FROM `support` WHERE ( BID=holder.js ) LIMIT 1  

[ 2018-10-16T15:34:01+08:00 ] 127.0.0.1 /index.php/Home/Index/bcollect/bid/18
INFO: [ app_begin ] --START--
INFO: Run Behavior\ReadHtmlCacheBehavior [ RunTime:0.003000s ]
INFO: [ app_begin ] --END-- [ RunTime:0.004000s ]
SQL: SHOW COLUMNS FROM `bcollect` [ RunTime:0.0040s ]
SQL: SELECT * FROM `bcollect` WHERE ( bid=18 and rid=1 ) LIMIT 1   [ RunTime:0.0000s ]
SQL: INSERT INTO `bcollect` (`BID`,`RID`) VALUES ('18','1') [ RunTime:0.0050s ]
INFO: [ app_end ] --START--
INFO: Run Behavior\ShowPageTraceBehavior [ RunTime:0.003000s ]
INFO: [ app_end ] --END-- [ RunTime:0.003000s ]

[ 2018-10-16T15:34:05+08:00 ] 127.0.0.1 /index.php/Home/Index/bcollect/bid/18
INFO: [ app_begin ] --START--
INFO: Run Behavior\ReadHtmlCacheBehavior [ RunTime:0.003000s ]
INFO: [ app_begin ] --END-- [ RunTime:0.004000s ]
SQL: SHOW COLUMNS FROM `bcollect` [ RunTime:0.0040s ]
SQL: SELECT * FROM `bcollect` WHERE ( bid=18 and rid=1 ) LIMIT 1   [ RunTime:0.0000s ]
INFO: [ app_end ] --START--
INFO: Run Behavior\ShowPageTraceBehavior [ RunTime:0.003001s ]
INFO: [ app_end ] --END-- [ RunTime:0.003001s ]

[ 2018-10-16T15:34:09+08:00 ] 127.0.0.1 /index.php/Home/Index/bcollect/bid/18
INFO: [ app_begin ] --START--
INFO: Run Behavior\ReadHtmlCacheBehavior [ RunTime:0.003000s ]
INFO: [ app_begin ] --END-- [ RunTime:0.004000s ]
SQL: SHOW COLUMNS FROM `bcollect` [ RunTime:0.0040s ]
SQL: SELECT * FROM `bcollect` WHERE ( bid=18 and rid=1 ) LIMIT 1   [ RunTime:0.0000s ]
INFO: [ app_end ] --START--
INFO: Run Behavior\ShowPageTraceBehavior [ RunTime:0.003000s ]
INFO: [ app_end ] --END-- [ RunTime:0.003000s ]

[ 2018-10-16T15:34:38+08:00 ] 127.0.0.1 /index.php/Home/Index/support/bid/18
INFO: [ app_begin ] --START--
INFO: Run Behavior\ReadHtmlCacheBehavior [ RunTime:0.003001s ]
INFO: [ app_begin ] --END-- [ RunTime:0.004001s ]
SQL: SHOW COLUMNS FROM `support` [ RunTime:0.0050s ]
SQL: SELECT * FROM `support` WHERE ( bid=18 and rid=1 ) LIMIT 1   [ RunTime:0.0000s ]
SQL: INSERT INTO `support` (`BID`,`RID`) VALUES ('18','1') [ RunTime:0.0040s ]
SQL: SELECT COUNT(*) AS tp_count FROM `support` WHERE ( BID=18 ) LIMIT 1   [ RunTime:0.0010s ]
INFO: [ app_end ] --START--
INFO: Run Behavior\ShowPageTraceBehavior [ RunTime:0.003000s ]
INFO: [ app_end ] --END-- [ RunTime:0.003000s ]

[ 2018-10-16T15:34:47+08:00 ] 127.0.0.1 /index.php/Home/Index/holder.js/125x166
ERR: 非法操作:holder.js

[ 2018-10-16T15:34:51+08:00 ] 127.0.0.1 /index.php/Home/Index/bookShow/BID/holder.js/50x50
ERR: 1054:Unknown column 'holder.js' in 'where clause'
 [ SQL语句 ] : SELECT COUNT(*) AS tp_count FROM `support` WHERE ( BID=holder.js ) LIMIT 1  

[ 2018-10-16T16:42:32+08:00 ] 127.0.0.1 /index.php/Home/Index/bookShow/BID/holder.js/50x50
ERR: 1054:Unknown column 'holder.js' in 'where clause'
 [ SQL语句 ] : SELECT COUNT(*) AS tp_count FROM `support` WHERE ( BID=holder.js ) LIMIT 1  

[ 2018-10-16T16:42:33+08:00 ] 127.0.0.1 /index.php/Home/Index/bookShow/BID/holder.js/50x50
ERR: 1054:Unknown column 'holder.js' in 'where clause'
 [ SQL语句 ] : SELECT COUNT(*) AS tp_count FROM `support` WHERE ( BID=holder.js ) LIMIT 1  

[ 2018-10-16T16:43:07+08:00 ] 127.0.0.1 /index.php/Home/Index/bookShow/BID/holder.js/50x50
ERR: 1054:Unknown column 'holder.js' in 'where clause'
 [ SQL语句 ] : SELECT COUNT(*) AS tp_count FROM `support` WHERE ( BID=holder.js ) LIMIT 1  

[ 2018-10-16T16:43:34+08:00 ] 127.0.0.1 /index.php/Home/Index/bookShow/BID/holder.js/50x50
ERR: 1054:Unknown column 'holder.js' in 'where clause'
 [ SQL语句 ] : SELECT COUNT(*) AS tp_count FROM `support` WHERE ( BID=holder.js ) LIMIT 1  

[ 2018-10-16T16:44:30+08:00 ] 127.0.0.1 /index.php/Home/Index/bookShow/BID/holder.js/50x50
ERR: 1054:Unknown column 'holder.js' in 'where clause'
 [ SQL语句 ] : SELECT COUNT(*) AS tp_count FROM `support` WHERE ( BID=holder.js ) LIMIT 1  

[ 2018-10-16T16:49:19+08:00 ] 127.0.0.1 /index.php/Home/Index/holder.js/125x166
ERR: 非法操作:holder.js

[ 2018-10-16T16:49:22+08:00 ] 127.0.0.1 /index.php/Home/Index/bookShow/BID/holder.js/50x50
ERR: 1054:Unknown column 'holder.js' in 'where clause'
 [ SQL语句 ] : SELECT COUNT(*) AS tp_count FROM `support` WHERE ( BID=holder.js ) LIMIT 1  

[ 2018-10-16T16:49:23+08:00 ] 127.0.0.1 /index.php/Home/Index/comment/bid/9/comText/
INFO: [ app_begin ] --START--
INFO: Run Behavior\ReadHtmlCacheBehavior [ RunTime:0.003000s ]
INFO: [ app_begin ] --END-- [ RunTime:0.003000s ]
INFO: [ app_end ] --START--
INFO: Run Behavior\ShowPageTraceBehavior [ RunTime:0.003000s ]
INFO: [ app_end ] --END-- [ RunTime:0.003000s ]

[ 2018-10-16T16:50:40+08:00 ] 127.0.0.1 /index.php/Home/Index/bookShow/BID/holder.js/50x50
ERR: 1054:Unknown column 'holder.js' in 'where clause'
 [ SQL语句 ] : SELECT COUNT(*) AS tp_count FROM `support` WHERE ( BID=holder.js ) LIMIT 1  

[ 2018-10-16T16:50:42+08:00 ] 127.0.0.1 /index.php/Home/Index/bookShow/BID/holder.js/50x50
ERR: 1054:Unknown column 'holder.js' in 'where clause'
 [ SQL语句 ] : SELECT COUNT(*) AS tp_count FROM `support` WHERE ( BID=holder.js ) LIMIT 1  

[ 2018-10-16T16:51:40+08:00 ] 127.0.0.1 /index.php/Home/Index/comment/bid/9/comText/%E6%93%8D
INFO: [ app_begin ] --START--
INFO: Run Behavior\ReadHtmlCacheBehavior [ RunTime:0.003000s ]
INFO: [ app_begin ] --END-- [ RunTime:0.004000s ]
SQL: SHOW COLUMNS FROM `comment` [ RunTime:0.0040s ]
INFO: [ app_end ] --START--
INFO: Run Behavior\ShowPageTraceBehavior [ RunTime:0.003000s ]
INFO: [ app_end ] --END-- [ RunTime:0.003000s ]

[ 2018-10-16T16:51:48+08:00 ] 127.0.0.1 /index.php/Home/Index/comment/bid/9/comText/%E5%A6%88%E7%9A%84
INFO: [ app_begin ] --START--
INFO: Run Behavior\ReadHtmlCacheBehavior [ RunTime:0.002001s ]
INFO: [ app_begin ] --END-- [ RunTime:0.003001s ]
SQL: SHOW COLUMNS FROM `comment` [ RunTime:0.0040s ]
INFO: [ app_end ] --START--
INFO: Run Behavior\ShowPageTraceBehavior [ RunTime:0.003000s ]
INFO: [ app_end ] --END-- [ RunTime:0.003000s ]

[ 2018-10-16T16:52:14+08:00 ] 127.0.0.1 /index.php/Home/Index/comment/bid/9/comText/%E4%BD%A0%E5%A5%BD
INFO: [ app_begin ] --START--
INFO: Run Behavior\ReadHtmlCacheBehavior [ RunTime:0.003001s ]
INFO: [ app_begin ] --END-- [ RunTime:0.004001s ]
SQL: SHOW COLUMNS FROM `comment` [ RunTime:0.0040s ]
SQL: INSERT INTO `comment` (`BID`,`RID`,`comText`) VALUES ('9','1','你好') [ RunTime:0.0050s ]
INFO: [ app_end ] --START--
INFO: Run Behavior\ShowPageTraceBehavior [ RunTime:0.003000s ]
INFO: [ app_end ] --END-- [ RunTime:0.003000s ]

[ 2018-10-16T16:52:14+08:00 ] 127.0.0.1 /index.php/Home/Index/bookShow
ERR: 1064:You have an error in your SQL syntax; check the manual that corresponds to your MySQL server version for the right syntax to use near ') LIMIT 1' at line 1
 [ SQL语句 ] : SELECT COUNT(*) AS tp_count FROM `support` WHERE ( BID= ) LIMIT 1  

[ 2018-10-16T16:52:19+08:00 ] 127.0.0.1 /index.php/Home/Index/bookShow/BID/holder.js/50x50
ERR: 1054:Unknown column 'holder.js' in 'where clause'
 [ SQL语句 ] : SELECT COUNT(*) AS tp_count FROM `support` WHERE ( BID=holder.js ) LIMIT 1  

[ 2018-10-16T16:52:56+08:00 ] 127.0.0.1 /index.php/Home/Index/comment/bid/9/comText/%E4%BD%A0%E5%A5%BD%E5%91%80
INFO: [ app_begin ] --START--
INFO: Run Behavior\ReadHtmlCacheBehavior [ RunTime:0.003000s ]
INFO: [ app_begin ] --END-- [ RunTime:0.003000s ]
SQL: SHOW COLUMNS FROM `comment` [ RunTime:0.0040s ]
SQL: INSERT INTO `comment` (`BID`,`RID`,`comText`) VALUES ('9','1','你好呀') [ RunTime:0.0050s ]
INFO: [ app_end ] --START--
INFO: Run Behavior\ShowPageTraceBehavior [ RunTime:0.003000s ]
INFO: [ app_end ] --END-- [ RunTime:0.003000s ]

[ 2018-10-16T16:52:56+08:00 ] 127.0.0.1 /index.php/Home/Index/bookShow
ERR: 1064:You have an error in your SQL syntax; check the manual that corresponds to your MySQL server version for the right syntax to use near ') LIMIT 1' at line 1
 [ SQL语句 ] : SELECT COUNT(*) AS tp_count FROM `support` WHERE ( BID= ) LIMIT 1  

[ 2018-10-16T16:53:55+08:00 ] 127.0.0.1 /index.php/Home/Index/bookShow/BID/holder.js/50x50
ERR: 1054:Unknown column 'holder.js' in 'where clause'
 [ SQL语句 ] : SELECT COUNT(*) AS tp_count FROM `support` WHERE ( BID=holder.js ) LIMIT 1  

[ 2018-10-16T16:53:57+08:00 ] 127.0.0.1 /index.php/Home/Index/bookShow/BID/holder.js/50x50
ERR: 1054:Unknown column 'holder.js' in 'where clause'
 [ SQL语句 ] : SELECT COUNT(*) AS tp_count FROM `support` WHERE ( BID=holder.js ) LIMIT 1  

[ 2018-10-16T16:54:51+08:00 ] 127.0.0.1 /index.php/Home/Index/comment/bid/9/comText/%E5%91%B5%E5%91%B5%E5%93%92
INFO: [ app_begin ] --START--
INFO: Run Behavior\ReadHtmlCacheBehavior [ RunTime:0.003000s ]
INFO: [ app_begin ] --END-- [ RunTime:0.004000s ]
SQL: SHOW COLUMNS FROM `comment` [ RunTime:0.0080s ]
SQL: INSERT INTO `comment` (`BID`,`RID`,`comText`) VALUES ('9','1','呵呵哒') [ RunTime:0.0010s ]
INFO: [ app_end ] --START--
INFO: Run Behavior\ShowPageTraceBehavior [ RunTime:0.003000s ]
INFO: [ app_end ] --END-- [ RunTime:0.003000s ]

[ 2018-10-16T16:54:51+08:00 ] 127.0.0.1 /index.php/Home/Index/bookShow/bid/9
ERR: 1064:You have an error in your SQL syntax; check the manual that corresponds to your MySQL server version for the right syntax to use near ') LIMIT 1' at line 1
 [ SQL语句 ] : SELECT COUNT(*) AS tp_count FROM `support` WHERE ( BID= ) LIMIT 1  

[ 2018-10-16T16:56:08+08:00 ] 127.0.0.1 /index.php/Home/Index/bookShow/BID/holder.js/50x50
ERR: 1054:Unknown column 'holder.js' in 'where clause'
 [ SQL语句 ] : SELECT COUNT(*) AS tp_count FROM `support` WHERE ( BID=holder.js ) LIMIT 1  

[ 2018-10-16T16:57:04+08:00 ] 127.0.0.1 /index.php/Home/Index/comment/bid/9/comText/%E8%BF%99%E6%9C%AC%E4%B9%A6%E4%B8%8D%E9%94%99
INFO: [ app_begin ] --START--
INFO: Run Behavior\ReadHtmlCacheBehavior [ RunTime:0.002000s ]
INFO: [ app_begin ] --END-- [ RunTime:0.004000s ]
SQL: SHOW COLUMNS FROM `comment` [ RunTime:0.0050s ]
SQL: INSERT INTO `comment` (`BID`,`RID`,`comText`) VALUES ('9','1','这本书不错') [ RunTime:0.0040s ]
INFO: [ app_end ] --START--
INFO: Run Behavior\ShowPageTraceBehavior [ RunTime:0.003001s ]
INFO: [ app_end ] --END-- [ RunTime:0.003001s ]

[ 2018-10-16T16:57:05+08:00 ] 127.0.0.1 /index.php/Home/Index/bookShow/bid/9
ERR: 1064:You have an error in your SQL syntax; check the manual that corresponds to your MySQL server version for the right syntax to use near ') LIMIT 1' at line 1
 [ SQL语句 ] : SELECT COUNT(*) AS tp_count FROM `support` WHERE ( BID= ) LIMIT 1  

[ 2018-10-16T16:57:35+08:00 ] 127.0.0.1 /index.php/Home/Index/bookShow/BID/holder.js/50x50
ERR: 1054:Unknown column 'holder.js' in 'where clause'
 [ SQL语句 ] : SELECT COUNT(*) AS tp_count FROM `support` WHERE ( BID=holder.js ) LIMIT 1  

[ 2018-10-16T16:57:37+08:00 ] 127.0.0.1 /index.php/Home/Index/bookShow/BID/holder.js/50x50
ERR: 1054:Unknown column 'holder.js' in 'where clause'
 [ SQL语句 ] : SELECT COUNT(*) AS tp_count FROM `support` WHERE ( BID=holder.js ) LIMIT 1  

[ 2018-10-16T16:57:37+08:00 ] 127.0.0.1 /index.php/Home/Index/bookShow/BID/holder.js/50x50
ERR: 1054:Unknown column 'holder.js' in 'where clause'
 [ SQL语句 ] : SELECT COUNT(*) AS tp_count FROM `support` WHERE ( BID=holder.js ) LIMIT 1  

[ 2018-10-16T16:57:39+08:00 ] 127.0.0.1 /index.php/Home/Index/bookShow/BID/holder.js/50x50
ERR: 1054:Unknown column 'holder.js' in 'where clause'
 [ SQL语句 ] : SELECT COUNT(*) AS tp_count FROM `support` WHERE ( BID=holder.js ) LIMIT 1  

[ 2018-10-16T16:57:43+08:00 ] 127.0.0.1 /index.php/Home/Index/bookShow/BID/holder.js/50x50
ERR: 1054:Unknown column 'holder.js' in 'where clause'
 [ SQL语句 ] : SELECT COUNT(*) AS tp_count FROM `support` WHERE ( BID=holder.js ) LIMIT 1  

[ 2018-10-16T16:57:44+08:00 ] 127.0.0.1 /index.php/Home/Index/bookShow/BID/holder.js/50x50
ERR: 1054:Unknown column 'holder.js' in 'where clause'
 [ SQL语句 ] : SELECT COUNT(*) AS tp_count FROM `support` WHERE ( BID=holder.js ) LIMIT 1  

[ 2018-10-16T16:57:45+08:00 ] 127.0.0.1 /index.php/Home/Index/bookShow/BID/holder.js/50x50
ERR: 1054:Unknown column 'holder.js' in 'where clause'
 [ SQL语句 ] : SELECT COUNT(*) AS tp_count FROM `support` WHERE ( BID=holder.js ) LIMIT 1  

[ 2018-10-16T16:57:50+08:00 ] 127.0.0.1 /index.php/Home/Index/bookShow/BID/holder.js/50x50
ERR: 1054:Unknown column 'holder.js' in 'where clause'
 [ SQL语句 ] : SELECT COUNT(*) AS tp_count FROM `support` WHERE ( BID=holder.js ) LIMIT 1  

[ 2018-10-16T16:58:15+08:00 ] 127.0.0.1 /index.php/Home/Index/comment/bid/9/comText/%E6%93%8D
INFO: [ app_begin ] --START--
INFO: Run Behavior\ReadHtmlCacheBehavior [ RunTime:0.004000s ]
INFO: [ app_begin ] --END-- [ RunTime:0.005000s ]
SQL: SHOW COLUMNS FROM `comment` [ RunTime:0.0040s ]
INFO: [ app_end ] --START--
INFO: Run Behavior\ShowPageTraceBehavior [ RunTime:0.003001s ]
INFO: [ app_end ] --END-- [ RunTime:0.003001s ]

[ 2018-10-16T16:58:26+08:00 ] 127.0.0.1 /index.php/Home/Index/comment/bid/9/comText/%E6%93%8D
INFO: [ app_begin ] --START--
INFO: Run Behavior\ReadHtmlCacheBehavior [ RunTime:0.003000s ]
INFO: [ app_begin ] --END-- [ RunTime:0.004000s ]
SQL: SHOW COLUMNS FROM `comment` [ RunTime:0.0040s ]
INFO: [ app_end ] --START--
INFO: Run Behavior\ShowPageTraceBehavior [ RunTime:0.002000s ]
INFO: [ app_end ] --END-- [ RunTime:0.003000s ]

[ 2018-10-16T16:58:30+08:00 ] 127.0.0.1 /index.php/Home/Index/comment/bid/9/comText/%E6%93%8D
INFO: [ app_begin ] --START--
INFO: Run Behavior\ReadHtmlCacheBehavior [ RunTime:0.003000s ]
INFO: [ app_begin ] --END-- [ RunTime:0.004000s ]
SQL: SHOW COLUMNS FROM `comment` [ RunTime:0.0040s ]
INFO: [ app_end ] --START--
INFO: Run Behavior\ShowPageTraceBehavior [ RunTime:0.003000s ]
INFO: [ app_end ] --END-- [ RunTime:0.003000s ]

[ 2018-10-16T16:58:35+08:00 ] 127.0.0.1 /index.php/Home/Index/comment/bid/9/comText/%E6%93%8D
INFO: [ app_begin ] --START--
INFO: Run Behavior\ReadHtmlCacheBehavior [ RunTime:0.003000s ]
INFO: [ app_begin ] --END-- [ RunTime:0.004001s ]
SQL: SHOW COLUMNS FROM `comment` [ RunTime:0.0040s ]
INFO: [ app_end ] --START--
INFO: Run Behavior\ShowPageTraceBehavior [ RunTime:0.003000s ]
INFO: [ app_end ] --END-- [ RunTime:0.003000s ]

[ 2018-10-16T16:58:51+08:00 ] 127.0.0.1 /index.php/Home/Index/comment/bid/9/comText/%E6%A3%92%E6%A3%92%E5%93%92
INFO: [ app_begin ] --START--
INFO: Run Behavior\ReadHtmlCacheBehavior [ RunTime:0.002000s ]
INFO: [ app_begin ] --END-- [ RunTime:0.003000s ]
SQL: SHOW COLUMNS FROM `comment` [ RunTime:0.0040s ]
SQL: INSERT INTO `comment` (`BID`,`RID`,`comText`) VALUES ('9','1','棒棒哒') [ RunTime:0.0040s ]
INFO: [ app_end ] --START--
INFO: Run Behavior\ShowPageTraceBehavior [ RunTime:0.004000s ]
INFO: [ app_end ] --END-- [ RunTime:0.004000s ]

[ 2018-10-16T16:58:51+08:00 ] 127.0.0.1 /index.php/Home/Index/bookShow/BID/holder.js/50x50
ERR: 1054:Unknown column 'holder.js' in 'where clause'
 [ SQL语句 ] : SELECT COUNT(*) AS tp_count FROM `support` WHERE ( BID=holder.js ) LIMIT 1  

[ 2018-10-16T17:17:45+08:00 ] 127.0.0.1 /index.php/Home/Index/bookShow/BID/9
ERR: 1054:Unknown column '$bid' in 'where clause'
 [ SQL语句 ] : SELECT t1.*,t2.img as img,t2.nickname as name FROM comment as t1,user as t2 WHERE ( t1.RID = t2.RID and t1.bid=$bid ) LIMIT 5  

[ 2018-10-16T17:22:02+08:00 ] 127.0.0.1 /index.php/Home/Index/bookShow/BID/holder.js/50x50
ERR: 1054:Unknown column 'holder.js' in 'where clause'
 [ SQL语句 ] : SELECT COUNT(*) AS tp_count FROM `support` WHERE ( BID=holder.js ) LIMIT 1  

[ 2018-10-16T17:23:32+08:00 ] 127.0.0.1 /index.php/Home/Index/bookShow/BID/holder.js/50x50
ERR: 1054:Unknown column 'holder.js' in 'where clause'
 [ SQL语句 ] : SELECT COUNT(*) AS tp_count FROM `support` WHERE ( BID=holder.js ) LIMIT 1  

[ 2018-10-16T17:27:39+08:00 ] 127.0.0.1 /index.php/Home/Index/support/bid/9
INFO: [ app_begin ] --START--
INFO: Run Behavior\ReadHtmlCacheBehavior [ RunTime:0.002000s ]
INFO: [ app_begin ] --END-- [ RunTime:0.003000s ]
SQL: SHOW COLUMNS FROM `support` [ RunTime:0.0050s ]
SQL: SELECT * FROM `support` WHERE ( bid=9 and rid=1 ) LIMIT 1   [ RunTime:0.0000s ]
SQL: INSERT INTO `support` (`BID`,`RID`) VALUES ('9','1') [ RunTime:0.0030s ]
SQL: SELECT COUNT(*) AS tp_count FROM `support` WHERE ( BID=9 ) LIMIT 1   [ RunTime:0.0000s ]
INFO: [ app_end ] --START--
INFO: Run Behavior\ShowPageTraceBehavior [ RunTime:0.003000s ]
INFO: [ app_end ] --END-- [ RunTime:0.003000s ]

[ 2018-10-16T17:27:42+08:00 ] 127.0.0.1 /index.php/Home/Index/bcollect/bid/9
INFO: [ app_begin ] --START--
INFO: Run Behavior\ReadHtmlCacheBehavior [ RunTime:0.003000s ]
INFO: [ app_begin ] --END-- [ RunTime:0.004000s ]
SQL: SHOW COLUMNS FROM `bcollect` [ RunTime:0.0040s ]
SQL: SELECT * FROM `bcollect` WHERE ( bid=9 and rid=1 ) LIMIT 1   [ RunTime:0.0000s ]
INFO: [ app_end ] --START--
INFO: Run Behavior\ShowPageTraceBehavior [ RunTime:0.003000s ]
INFO: [ app_end ] --END-- [ RunTime:0.003000s ]

[ 2018-10-16T18:41:33+08:00 ] 127.0.0.1 /index.php/Home/Index/holder.js/125x166
ERR: 非法操作:holder.js

[ 2018-10-16T18:41:40+08:00 ] 127.0.0.1 /index.php/Home/Index/holder.js/125x166
ERR: 非法操作:holder.js

