[ 2018-09-25T16:40:30+08:00 ] 127.0.0.1 /index.php/Admin/AdminUpload/adminUpload
ERR: 1292:Incorrect datetime value: '1537864830' for column 'loadTime' at row 1
 [ SQL语句 ] : INSERT INTO `bcontent` (`BID`,`flag`,`chapter`,`bookText`,`loadTime`,`number`) VALUES ('4','1','第001章：咸鱼华
','
    “稿费吃土都不够，这日子没发过儿了，踏马的……”

    夜深人静，商都这座城市里，连环都没有的郊区的一间单间房里，叶华坐在电脑前骂骂咧咧的打开了点娘作家后台。

    然后，把最新章节上传。

    今天的更新任务总算是完成了，叶华一脸生无可恋的坐在电脑前，整个人像是被掏空了一般，全身索然无味。

    点击订阅后台看了看，看到那惨淡的几百个订阅数据，如果时光可以倒流，一定要回到过去萌生写作的那一刻，对着当时的自己狠狠扇一巴掌。

    好饿啊~~早知道不写小说了……

    瞄了眼显示屏右下角的时间，已经凌晨两点了，叶华正准备关电脑然后碎个觉，但又忍不住点开书看看书评章节说什么的。

    “辣鸡作者，打屎这个二更兽！”

    “有招一日刀在手，屠尽天下断章狗！！”

    “短小无力又一章！”

    “以前的妮辣么勤奋，百更封肝，动不动就七八更，现在沦为二更兽甚至恐怖的一更兽……妮你变了，不再是我心目中辣个酱了。”

    “没有十更就不要求票，看到手中的票票没？我投给别人啦，就问你气不气……”

    “最近更新的内容可以挤出的水量，能跟作者君身子的出水量有的一比了……”

    叶华的内心很强大，但看到最后一条评论的时候也是差点没一口老血喷了出来。

    现在这些读者真是太气人，不订阅不投票也就算了，连Tm点击都不给，更别说收藏了，就知道Tm要爆更，要女装，还Tm要**，书Tm还怎么写？不写了，码尼的玛字，烦！

    以后再也不看书评区了，闹心的一比，踏马的。

    嗯~~真香~~

    叶华每次看完书评区都这样，嘴上说不要到了第二天身体却老老实实的点开书评区，每次都希望能有读者发表新的评论留言，然后每次都被读者的评论气的关闭网页。

    就很气！

    啊啊啊啊……气死偶勒~~！！！

    还是去睡觉吧，狗命要紧狗命要紧。

    一阵胸闷的咸鱼华就这么被气到床上，如同一滩软泥一样躺在床上，辗转反侧，难以入睡。

    明明坐在电脑前困成狗，可一躺在床上就贼精神。

    这就很难受了！

    叶华又从床上爬起来，反正睡不着再码个一章吧，然后来到电脑前刚刚打开world准备干一波，写了没几个字就被如同被套了个虚弱一样，困成狗。

    踏马！

    这叫什么事……

    叶华瘫软在椅子上，盯着天花板悠悠的道：“唉……我要是能够像我书里写的猪脚一样，帅的一笔，还多金，又是超级大咖，年纪轻轻走上人生巅峰，各种和世界各地的大佬们共坐吹牛皮，还有给中妹纸，乃子大、屁股翘、全都有，简直不要太奈斯啊，着踏马才是人生美滋滋，哪像现在这么惨，差点被一个读者以萌主的诱惑而走上女装大佬的路……”

    一阵胡思乱想，各种美滋滋的在脑海里YY幻想着，但总归要回到现实啊。

    现实中就是一个穷宅，打工是不可能打工的，这辈子都不可能打工的，只能写写网文勉强度日的样子啦。

    叶华很苦恼，商都很繁华，透过窗户就能看到这座国际大都市的美，那边的房子比郊区这座破单间大、美、舒服，但没钱，靠写这破书这辈子估计都买不起房子，买不起车，国家都鼓励二胎N多年了，老婆叫啥名字，长啥样子都不知道，还生二胎…投二胎还差不多……

    唉~~~

    叶华长长叹息了一口气，这样活着好累，好没意思，要不去投二胎得了？运气好说不定下辈子就是富二代，乃子屁股分分钟全都有啊。

    就在这时，脑海里突然响起了一道很尬的声音。

    「你渴望金大腿吗？」

    “不，我渴望大美腿！”叶华不假思索道。

    「怕不是断智的咸鱼？有了金爷我的金大腿，走上人生巅峰那是轻轻松松，你想要的全都有。」

    “好有道理啊，那…我渴望金大腿！”叶华轻抚下颚稍加思索回答道。

    等等…

    叶华“biu”的一下平躺床榻惊坐起。

    刚刚的情况有点不对啊，那痞了痞气的声音……

    打开台灯狐疑的环视了房间一眼一切正常，叶华耸耸肩一摊手，看了看下时间吓一跳，多半是熬夜太久，出现幻觉的征兆了，赶紧睡觉吧，万一猝死就真的要去投二胎了。

    “狗命要紧狗命要紧。”

    叶华再次关灯的瞬间，黑夜降临，辗转仰躺在床上，突然一束光从天花板上径直得射下来，正中叶华的眉心，浩如烟海的信息疯狂的注入大脑中，感觉自己的脑壳都快要被撑爆了。

    当一切重归平静后，叶华懵比的开灯后懵比望着天花板。

    “金爷？我被传说中的金大腿选中了？”

    愣了片刻……

    “哈哈，原来哥也是天选之人啊，有了金大腿还去码个P的字，跟咸鱼有什么区别？更新？不存在的，太监。哥要拳打小马，脚踢大马，非要弄死不可才行，临时定他个小目标，比方说开一家5000亿美刀市值的科技公司，呃不不，这个不能算小目标了，有金大腿也不能这么狂，中等目标吧……”

    叶华回过神来后中二傻白的乐不可支，知识是个好东西，而且全都有，全能。

    妙啊！

    兴奋过后的叶华逐渐冷静下来，立即开始盘算着如何用知识改变命运，走上人生巅峰，深更半夜的这下是真的精神爆表，简直比喝一打的红牛都提神。

    美滋滋的盘算着，不知不觉便熟睡了过去。

    第二天一醒来，叶华干的第一件事情就是，登陆起点网的作家后台，然后敲打着出了两个字：本书太监！

    打出这四个字的时候感觉特别霸气，大有一种理不直气也壮的味道，就很爽。

    叶华微微噘嘴。

    以后再也不用忍受这帮万恶的读者天天催更啦，天天就知道催更催更，跟催命一样，烦的一比。

    更可恶的是还有一些老铁居然用萌主来诱惑哥女装，差点就没遭住，幸好顶住了，不然以后哥成为一代巨头大佬，这黑历史被翻出来那还得了？

    哼！

    正准备点击上传的时候，叶华托着下巴稍加思索，又删掉了。

    还是完本吧，反正都已经写到中后期了，权当是业余爱好得了，更不更看心情，稳的一批。

    “今天怎么只有一更？”

    “狗子你彻底变了。”

    “咸鱼作者，万恶的一更兽，没梦想。”

    “我想给作者君送一箱家乡特产的水果，对了刀片也放里面的哟，给个地址呗。”

    “让人窒息的一更操作。”

    叶华看到这些评论不由得嘴角一噘，一阵嘚瑟，“哈哈哈哈哈拿我没辙吧，没有办法我就是喜欢一更，哈哈哈哈哈就很气是吧，啦啦啦啦啦啦啦啦啦啦啦；哈哈哈哈哈皮不过我吧，想要寄刀片可我就不给地址，啦啦啦啦啦啦啦啦啦啦啦。”

    皮一下后关闭了网页，而再次想到自己还无房无车无女友的新时代三无青年，但是咸鱼华此刻的内心丝毫不慌，无波无澜的，简直稳如老狗有木有。

    在电脑前轻松的伸了个懒腰，静下心来开始好好思考一下未来崭新的人生规划。

    ……

    （Ps:新书吔，敢不敢收个藏……）
------------

','1537864830','7861')

