[ 2018-10-10T19:12:54+08:00 ] 127.0.0.1 /index.php/Admin/AdminUpload/adminUpload
ERR: 1366:Incorrect string value: '\xF0\x9F\x98\x8A\x0D\x0A...' for column 'bookText' at row 1
 [ SQL语句 ] : INSERT INTO `bcontent` (`BID`,`flag`,`chapter`,`bookText`,`number`) VALUES ('24','1','第四六零章 押送
','
    张太医不愧是医道圣手，到了荣庆堂，简单了解情况之后，并不自持甚高，故意推翻王太医的诊断，而是直接开始施针诊治。

    最后看了看王太医留下的药方，也只说了一句：“甚为妥当。”之后就告辞离去了。

    其实也是，贾清的状态看着吓人，其实也就是普通病症而已，又不是什么疑难杂症，以他们两位太医的水准，自然不会出什么大的差别。

    其实，若不是贾清身份贵重，王太医根本就不会多此一举，举荐张太医过来。

    给贾清的膝上敷药，又按照太医的法子给贾清灌了汤药与稀粥，好一通忙乱之后，场面才缓和下来。

    李纨有些迟疑道：“老太太，方才两位太医都说了，二弟的身子需要每日用上等的参滋补蕴养，只是，恰好府中的参用尽了，昨儿才派人出去采买添置，如今还没到……”

    李纨在王熙凤待产的这两个月，暂管家务，所以知晓内府情况。要说参也还有些，只是都是上了年月，或者就是次等的了。

    如今谁还看不出来贾清在贾府的地位，那就是缺心眼了。没见为了贾清的事，多少年未理外务的贾母都出动两次了吗？所以，她可不敢拿次等的东西给贾清用。

    一边，和张太医同时过来的尤氏连道：“参的话，我们那边府上还有，待会我就让人给送过来。”

    旁边秦可卿竖了竖眉。她自然不会是计较人参的事，而是，她觉得贾清既然是宁国府的当家人，自然应该在宁国府养伤，那样，她也好照顾伺候……

    可是，听李纨话里的意思，是要让贾清在这边养伤了，这让她有些不乐意。

    不过不乐意是不乐意，她知道这多半也是贾母的意思，因此也不好开口说什么。

    贾母道：“送便不用送了，正好我那里还有几只西洋白参，这种参不比寻常的参那般吃了容易上火，它是凉性的，就算是这种暑热天吃也是无碍，而且最是滋补清火，如今拿给他吃，最合适不过了。”

    李纨听了心下又是一叹，暗道自己果然没有看错。老太太是真的很看重贾清这个孙儿了。

    那些西洋白参她也知道，还是宫里赏赐下来的东西，总共也就那么几颗，贾母自己都不大舍得吃，如今居然一气都要给贾清，这般待遇，贾府中，恐怕也就贾宝玉这个命根子才有了。

    此事说定，贾母又见贾清身上有些脏兮兮的，就对贾清屋里的晴雯等几个道：“你们好生伺候着，给他身上清洗一番，换一件干净衣裳穿上。”

    “是。”晴雯等连忙应道。

    于是贾母就带着大队人马往外面走了。

    黛玉惜春等人正围在床边，此时虽然极不愿意离开，也只得跟着走了。没办法，虽然妹妹伺候兄长、服侍汤药也算是分内之事，但也没有帮着换衣服的说法……

    若是贫寒小户，无人照看的情况之下，倒另有说法。

    “鸳鸯，你也留下吧，帮着照看周到一些。”

    贾母走了几步，突然的一句话让包括鸳鸯在内的好些人一愣。

    王夫人的眉头微微一沉，贾母，对于清哥儿的看重有些过了头了啊。鸳鸯，可不比当年的晴雯，她可是贾母身边居第一位的大丫鬟！

    如今这么做，难道是有意把她赐给贾清不成？

    不说其他人，就是鸳鸯自己也是一时未能明白贾母的意思。不过她还是很快答道：“是。”

    点点头，贾母满意的往前走，旁边琥珀、翡翠等另外两个大丫鬟连忙补上鸳鸯的位置。

    其实，贾母倒没有旁人想的那么多。她只是觉得鸳鸯行事稳妥谨慎，又不张扬，留她看着，她也比较放心。

    毕竟，鸳鸯可是她手底下那么多丫鬟当中她最中意的一个了！

    ……

    等一干人等都走干净之后，房间一下子变得空荡起来。

    惠香等丫鬟正欲按照贾母的意思给贾清清理、擦拭身子，忽然就顿下了眼。

    房间之内，鸳鸯和晴雯两个皆站着一动不动，而且相互望着对方。

    晴雯的面上带着警惕与防备的神色，而鸳鸯，则是些微有些尴尬。

    “嗯～老太太只是怕你们这里人手不够使，所以让我留下来搭把手……”

    良久，还是鸳鸯率先打破尴尬的局面。

    “是吗？”

    晴雯有些狐疑的回道。

    先前那么一大帮子人在，而且其中还有数位大神，她虽然胆大心大，但是她不傻，所以一直任由她的地盘被“外人”接手。

    如今惹不起的都走了，她哪里还会夹着尾巴做人？要不是当初在贾母屋里的时候鸳鸯对她还不错，她估计都要用冷暴力对待她了。

    这不明摆着是来夺位的嘛！

    心中贾清大于天的晴雯根本就没想到，做贾母身边的第一丫鬟可比他这个贾清屋里的第一丫鬟有权势多了，鸳鸯用得着来抢她的位置吗。

    鸳鸯比晴雯大了几岁，对于这个妮子的心思知道的再清楚不过了，就笑道：“好了，你别盯着我了，还是快给你的二爷清洗身子吧！”

    一提起贾清，晴雯果然就没心思盯着她了。回头看着榻上一动不动的贾清，神色就开始变得难过起来。要不是方才听见太医说人肯定是能醒的，她哪里还能像现在这般无事。

    抹了抹眼角的晶莹，晴雯和惠香连忙给贾清准备清洗用的东西。

    鸳鸯见了，自觉的走到外面，居中调度要水与毛巾等物。

    虽然贾母是贾母让她留下的，但是她终究不是贾清的丫鬟，不好看见贾清的身子……

    ……

    第二日，上午。

    一间酒楼二楼临窗的位置，坐着两名身着普通的女子。

    “大师姐，绿珠姐姐说她有办法救出小姐，这是真的吗？”

    年轻一些的女子向着付慧文低声道。她们二人是出来打探消息的。

    “我也不知道，不过，为今之计，我们也只能听她的，希望她真的有办法救出小姐来。”

    付慧文的声音之中也不无担忧。她们已经好几天没见到绿珠了，要不是还能收到她的信，她们雪卫早就动乱了！

    “让开……！”

    就在她们说话之间，忽然街对面一下子就热闹起来。

    一大队官兵压着一辆囚车，缓缓从街上使过。

    京城的百姓对这种情况早就不再陌生，都知道，必定是官府又要处决重犯了。

    只见那罪犯静静的跪在囚车之中，一动不动。披头散发，看不见容貌，只是从其外形和身量来看，应当是名女子。

    这一场景的出现，顿时引起了大街两旁各处人们的观望议论。

    “唉，也不知道这名女子犯了什么罪，居然出动这么多官兵押送。”

    离付慧文他们不远的一桌，一不明觉厉的男子张口叹道。

    “张兄不知道她是谁？我却正好知道……”

    他的同伴却似乎对此中情况很是了解。

    “哦，我却忘了，令兄在顺天府当差，肯定知道此女子的来历，还请王兄替我讲讲。”

    被换作王兄的男子得意的一笑，然后道：“实话告诉你，她可不是一般的女子……”

    王兄有意卖个关子。

    “哦？莫非还是一个了不得的人物？”

    果然他的同伴被唤起了好奇心。王兄的虚荣心得到些许满足，也不再遮掩，就道：“她啊，多半就是几日前，潜入首辅何大人府上行刺的那个刺客！”

    “啪！”

    旁边传来重物敲击桌子的声音，令二人偏头看去。却只见两个普通女子安安静静的垂头坐在那里，自顾自的吃菜，也就没甚在意。

    转过头，那张兄继续问道：

    “什么，就是她？她一个女子居然敢行刺首辅？”

    王兄冷笑一声：“你以为她是一般女子？你若是得罪了她，保管你有十条命都不够她杀的！”

    呃，张兄语气一滞道：“她究竟是何人？”

    “告诉你也无妨，他就是历代为祸四方的白莲教当代的圣女！”

    ……


------------

今天这章放到晚上

搬家了，今天有点累，先睡了😊
------------

','8646')

